2025-07-09 14:38:37:WARNING:Error sending stats to Plausible: error sending request for url (https://plausible.io/api/event)
2025-07-09 14:38:40:INFO:*****************Test_01_Admin_Login****************
2025-07-09 14:38:40:INFO:*****************verification of admin login page title***********
2025-07-09 14:38:56:INFO:*****************test_title_verification title matched**************
2025-07-09 14:38:59:INFO:****************test_valid_admin_login started**************
2025-07-09 14:39:11:INFO:*************Dashboard text found*************
2025-07-09 14:39:15:INFO:*************test_invalid_admin_login started**************
2025-07-09 14:39:22:INFO:***************test_invalid_admin_login error message is matched**************
2025-07-10 11:33:22:INFO:*****************Test_01_Admin_Login****************
2025-07-10 11:33:22:INFO:*****************verification of admin login page title***********
2025-07-10 11:33:24:INFO:*****************test_title_verification title matched**************
2025-07-10 11:33:28:INFO:****************test_valid_admin_login started**************
2025-07-10 11:33:36:INFO:*************test_invalid_admin_login started**************
2025-07-10 11:33:39:INFO:***************test_invalid_admin_login error message is matched**************
2025-07-10 16:15:33:INFO:*****************Test_01_Admin_Login****************
2025-07-10 16:15:33:INFO:*****************verification of admin login page title***********
2025-07-10 16:15:35:INFO:*****************test_title_verification title matched**************
2025-07-10 16:15:37:INFO:****************test_valid_admin_login started**************
2025-07-10 16:15:50:INFO:*************Dashboard text found*************
2025-07-10 16:15:51:INFO:*************test_invalid_admin_login started**************
2025-07-10 16:15:55:INFO:***************test_invalid_admin_login error message is matched**************
2025-07-10 16:21:24:INFO:*****************Test_01_Admin_Login****************
2025-07-10 16:21:24:INFO:*****************verification of admin login page title***********
2025-07-10 16:21:27:INFO:*****************test_title_verification title matched**************
2025-07-10 16:21:29:INFO:****************test_valid_admin_login started**************
2025-07-10 16:22:04:INFO:*************Dashboard text found*************
2025-07-10 16:22:06:INFO:*************test_invalid_admin_login started**************
2025-07-10 16:22:11:INFO:***************test_invalid_admin_login error message is matched**************
2025-07-11 10:10:59:INFO:*************test_invalid_admin_login started**************
2025-07-11 10:11:02:INFO:*****************Test_01_Admin_Login****************
2025-07-11 10:11:02:INFO:*****************verification of admin login page title***********
2025-07-11 10:11:02:INFO:****************test_valid_admin_login started**************
2025-07-11 10:11:04:INFO:*****************test_title_verification title matched**************
2025-07-11 10:12:02:INFO:*************Dashboard text found*************
2025-07-11 10:13:50:INFO:****************test_valid_admin_login started**************
2025-07-11 10:13:50:INFO:*****************Test_01_Admin_Login****************
2025-07-11 10:13:50:INFO:*****************verification of admin login page title***********
2025-07-11 10:13:50:INFO:*************test_invalid_admin_login started**************
2025-07-11 10:14:03:INFO:*****************test_title_verification title matched**************
2025-07-11 10:15:36:INFO:*************Dashboard text found*************
2025-07-11 10:16:27:INFO:*****************Test_01_Admin_Login****************
2025-07-11 10:16:27:INFO:*****************verification of admin login page title***********
2025-07-11 10:16:30:INFO:*****************test_title_verification title matched**************
2025-07-11 10:16:32:INFO:****************test_valid_admin_login started**************
2025-07-11 10:17:27:INFO:*************Dashboard text found*************
2025-07-11 10:17:28:INFO:*************test_invalid_admin_login started**************
2025-07-11 10:17:31:INFO:***************test_invalid_admin_login error message is matched**************
2025-07-11 10:21:02:INFO:****************test_valid_admin_login started**************
2025-07-11 10:21:02:INFO:*****************Test_01_Admin_Login****************
2025-07-11 10:21:02:INFO:*****************verification of admin login page title***********
2025-07-11 10:21:06:INFO:*****************test_title_verification title matched**************
2025-07-11 10:21:08:INFO:*************test_invalid_admin_login started**************
2025-07-11 10:21:12:INFO:***************test_invalid_admin_login error message is matched**************
2025-07-11 10:22:47:INFO:*************Dashboard text found*************
2025-07-11 10:23:09:INFO:*************test_invalid_admin_login started**************
2025-07-11 10:23:09:INFO:*****************Test_01_Admin_Login****************
2025-07-11 10:23:09:INFO:*****************verification of admin login page title***********
2025-07-11 10:23:09:INFO:****************test_valid_admin_login started**************
2025-07-11 10:23:13:INFO:*****************test_title_verification title matched**************
2025-07-11 10:23:16:INFO:***************test_invalid_admin_login error message is matched**************
2025-07-11 10:23:30:INFO:*************Dashboard text found*************
2025-07-11 10:46:38:INFO:*****************Test_01_Admin_Login****************
2025-07-11 10:46:38:INFO:*****************verification of admin login page title***********
2025-07-11 10:46:46:INFO:*****************test_title_verification title matched**************
2025-07-11 10:46:47:INFO:****************test_valid_admin_login started**************
2025-07-11 10:47:48:INFO:*************Dashboard text found*************
2025-07-11 10:47:50:INFO:*************test_invalid_admin_login started**************
2025-07-11 10:47:53:INFO:***************test_invalid_admin_login error message is matched**************
2025-07-11 11:43:33:INFO:*****************Test_01_Admin_Login****************
2025-07-11 11:43:33:INFO:*****************verification of admin login page title***********
2025-07-11 11:43:44:INFO:*****************test_title_verification title matched**************
2025-07-11 11:43:46:INFO:****************test_valid_admin_login started**************
2025-07-11 11:45:20:INFO:*************Dashboard text found*************
2025-07-11 11:45:22:INFO:*************test_invalid_admin_login started**************
2025-07-11 11:45:26:INFO:***************test_invalid_admin_login error message is matched**************
2025-07-11 11:49:55:INFO:*****************Test_01_Admin_Login****************
2025-07-11 11:49:55:INFO:*****************verification of admin login page title***********
2025-07-11 11:50:03:INFO:*****************test_title_verification title matched**************
2025-07-11 11:50:05:INFO:****************test_valid_admin_login started**************
2025-07-11 11:52:11:INFO:*************test_invalid_admin_login started**************
2025-07-11 11:52:14:INFO:***************test_invalid_admin_login error message is matched**************
2025-07-11 12:05:23:INFO:*****************Test_01_Admin_Login****************
2025-07-11 12:05:23:INFO:*****************verification of admin login page title***********
2025-07-11 12:05:26:INFO:*****************test_title_verification title matched**************
2025-07-11 12:05:30:INFO:****************test_valid_admin_login started**************
2025-07-11 12:06:54:INFO:*************Dashboard text found*************
2025-07-11 12:06:58:INFO:*************test_invalid_admin_login started**************
2025-07-11 12:07:02:INFO:***************test_invalid_admin_login error message is matched**************
2025-07-11 14:56:26:INFO:*****************Test_01_Admin_Login****************
2025-07-11 14:56:26:INFO:*****************verification of admin login page title***********
2025-07-11 14:56:28:INFO:*****************test_title_verification title matched**************
2025-07-11 14:56:32:INFO:****************test_valid_admin_login started**************
2025-07-11 14:56:42:INFO:*************Dashboard text found*************
2025-07-11 14:56:46:INFO:*************test_invalid_admin_login started**************
2025-07-11 14:56:48:INFO:***************test_invalid_admin_login error message is matched**************
2025-07-16 12:31:09:INFO:*****************Test_01_Admin_Login****************
2025-07-16 12:31:09:INFO:*****************verification of admin login page title***********
2025-07-16 12:31:12:INFO:*****************test_title_verification title matched**************
2025-07-16 12:31:16:INFO:****************test_valid_admin_login started**************
2025-07-16 12:31:23:INFO:*************test_invalid_admin_login started**************
2025-07-16 12:31:31:INFO:****************test_valid_admin_login started**************
2025-07-16 12:31:37:INFO:*************test_invalid_admin_login started**************
2025-07-16 16:04:17:INFO:****************test_valid_admin_login_data_driven started**************
2025-07-16 16:05:26:INFO:****************test_valid_admin_login_data_driven started**************
2025-07-16 16:15:47:INFO:****************test_valid_admin_login_data_driven started**************
2025-07-16 16:18:12:INFO:****************test_valid_admin_login_data_driven started**************
2025-07-16 16:18:47:INFO:****************test_valid_admin_login_data_driven started**************
2025-07-16 16:19:43:INFO:****************test_valid_admin_login_data_driven started**************
2025-07-16 16:25:22:INFO:****************test_valid_admin_login_data_driven started**************
2025-07-16 16:28:24:INFO:****************test_valid_admin_login_data_driven started**************
2025-07-16 16:30:56:INFO:****************test_valid_admin_login_data_driven started**************
2025-07-16 16:31:21:WARNING:Retrying (Retry(total=2, connect=None, read=None, redirect=None, status=None)) after connection broken by 'NewConnectionError('<urllib3.connection.HTTPConnection object at 0x000001A41D24F750>: Failed to establish a new connection: [WinError 10061] No connection could be made because the target machine actively refused it')': /session/a9a4c9e6c3d3109fb80e4304d20ee07e
2025-07-16 16:31:25:WARNING:Retrying (Retry(total=1, connect=None, read=None, redirect=None, status=None)) after connection broken by 'NewConnectionError('<urllib3.connection.HTTPConnection object at 0x000001A41D24FD90>: Failed to establish a new connection: [WinError 10061] No connection could be made because the target machine actively refused it')': /session/a9a4c9e6c3d3109fb80e4304d20ee07e
2025-07-16 16:31:29:WARNING:Retrying (Retry(total=0, connect=None, read=None, redirect=None, status=None)) after connection broken by 'NewConnectionError('<urllib3.connection.HTTPConnection object at 0x000001A41D223490>: Failed to establish a new connection: [WinError 10061] No connection could be made because the target machine actively refused it')': /session/a9a4c9e6c3d3109fb80e4304d20ee07e
2025-07-16 16:31:58:WARNING:There was an error managing msedgedriver (error sending request for url (https://msedgedriver.azureedge.net/LATEST_RELEASE_138_WINDOWS)); using driver found in the cache
2025-07-16 16:32:00:INFO:****************test_valid_admin_login_data_driven started**************
2025-07-16 16:45:11:INFO:****************test_valid_admin_login_data_driven started**************
2025-07-16 16:45:56:INFO:****************test_valid_admin_login_data_driven started**************
2025-07-16 16:46:16:WARNING:Retrying (Retry(total=2, connect=None, read=None, redirect=None, status=None)) after connection broken by 'NewConnectionError('<urllib3.connection.HTTPConnection object at 0x00000238FC6AF750>: Failed to establish a new connection: [WinError 10061] No connection could be made because the target machine actively refused it')': /session/f547952b13c5bd9858beb8767c60c545
2025-07-16 16:46:20:WARNING:Retrying (Retry(total=1, connect=None, read=None, redirect=None, status=None)) after connection broken by 'NewConnectionError('<urllib3.connection.HTTPConnection object at 0x00000238FC6AFD90>: Failed to establish a new connection: [WinError 10061] No connection could be made because the target machine actively refused it')': /session/f547952b13c5bd9858beb8767c60c545
2025-07-16 16:46:24:WARNING:Retrying (Retry(total=0, connect=None, read=None, redirect=None, status=None)) after connection broken by 'NewConnectionError('<urllib3.connection.HTTPConnection object at 0x00000238FC683490>: Failed to establish a new connection: [WinError 10061] No connection could be made because the target machine actively refused it')': /session/f547952b13c5bd9858beb8767c60c545
